<?xml version="1.0" encoding="UTF-8"?>
<!-- Generated by org.testng.reporters.JUnitXMLReporter -->
<testsuite hostname="SPGRASD11" name="Validating AssignSubDepartmentToManageEscalation" tests="10" failures="1" timestamp="30 Jan 2021 11:32:01 GMT" time="47.879" errors="0">
  <testcase name="getUserRegisteration" time="5.856" classname="com.ams.qa.testcases.AssignSubDepartmentToManageEscalationTest"/>
  <testcase name="getUserMnagement" time="2.119" classname="com.ams.qa.testcases.AssignSubDepartmentToManageEscalationTest"/>
  <testcase name="getAssignSubDepartmentToManageEscalation" time="3.195" classname="com.ams.qa.testcases.AssignSubDepartmentToManageEscalationTest"/>
  <testcase name="getRole" time="2.987" classname="com.ams.qa.testcases.AssignSubDepartmentToManageEscalationTest"/>
  <testcase name="getEmployee" time="5.873" classname="com.ams.qa.testcases.AssignSubDepartmentToManageEscalationTest"/>
  <testcase name="getCostCenter" time="5.88" classname="com.ams.qa.testcases.AssignSubDepartmentToManageEscalationTest"/>
  <testcase name="getSubDepartment" time="0.736" classname="com.ams.qa.testcases.AssignSubDepartmentToManageEscalationTest"/>
  <testcase name="getAdd" time="4.133" classname="com.ams.qa.testcases.AssignSubDepartmentToManageEscalationTest"/>
  <testcase name="getEdit" time="3.162" classname="com.ams.qa.testcases.AssignSubDepartmentToManageEscalationTest"/>
  <testcase name="getUpdate" time="1.219" classname="com.ams.qa.testcases.AssignSubDepartmentToManageEscalationTest">
    <failure type="org.openqa.selenium.ElementClickInterceptedException" message="element click intercepted: Element &amp;lt;input type=&amp;quot;submit&amp;quot; name=&amp;quot;ctl00$MainContent$btnUpdate&amp;quot; value=&amp;quot;Update&amp;quot; onclick=&amp;quot;javascript:WebForm_DoPostBackWithOptions(new WebForm_PostBackOptions(&amp;amp;quot;ctl00$MainContent$btnUpdate&amp;amp;quot;, &amp;amp;quot;&amp;amp;quot;, true, &amp;amp;quot;vgSave&amp;amp;quot;, &amp;amp;quot;&amp;amp;quot;, false, false))&amp;quot; id=&amp;quot;ctl00_MainContent_btnUpdate&amp;quot; class=&amp;quot;btn  btn-large btn-primary&amp;quot;&amp;gt; is not clickable at point (35, 447). Other element would receive the click: &amp;lt;div class=&amp;quot;menu-attendance_run-icon menu-list-icons&amp;quot;&amp;gt;&amp;lt;/div&amp;gt;
  (Session info: chrome=80.0.3987.106)
Build info: version: &amp;apos;3.141.59&amp;apos;, revision: &amp;apos;e82be7d358&amp;apos;, time: &amp;apos;2018-11-14T08:25:48&amp;apos;
System info: host: &amp;apos;SPGRASD11&amp;apos;, ip: &amp;apos;172.27.85.33&amp;apos;, os.name: &amp;apos;Windows 10&amp;apos;, os.arch: &amp;apos;amd64&amp;apos;, os.version: &amp;apos;10.0&amp;apos;, java.version: &amp;apos;1.8.0_152&amp;apos;
Driver info: org.openqa.selenium.chrome.ChromeDriver
Capabilities {acceptInsecureCerts: false, browserName: chrome, browserVersion: 80.0.3987.106, chrome: {chromedriverVersion: 80.0.3987.16 (320f6526c1632..., userDataDir: C:\Users\RCHAVA~1\AppData\L...}, goog:chromeOptions: {debuggerAddress: localhost:57695}, javascriptEnabled: true, networkConnectionEnabled: false, pageLoadStrategy: normal, platform: WINDOWS, platformName: WINDOWS, proxy: Proxy(), setWindowRect: true, strictFileInteractability: false, timeouts: {implicit: 0, pageLoad: 300000, script: 30000}, unhandledPromptBehavior: dismiss and notify}
Session ID: 32773b80700c7b7caeb92710d371a3ca">
      <![CDATA[org.openqa.selenium.ElementClickInterceptedException: element click intercepted: Element <input type="submit" name="ctl00$MainContent$btnUpdate" value="Update" onclick="javascript:WebForm_DoPostBackWithOptions(new WebForm_PostBackOptions(&quot;ctl00$MainContent$btnUpdate&quot;, &quot;&quot;, true, &quot;vgSave&quot;, &quot;&quot;, false, false))" id="ctl00_MainContent_btnUpdate" class="btn  btn-large btn-primary"> is not clickable at point (35, 447). Other element would receive the click: <div class="menu-attendance_run-icon menu-list-icons"></div>
  (Session info: chrome=80.0.3987.106)
Build info: version: '3.141.59', revision: 'e82be7d358', time: '2018-11-14T08:25:48'
System info: host: 'SPGRASD11', ip: '172.27.85.33', os.name: 'Windows 10', os.arch: 'amd64', os.version: '10.0', java.version: '1.8.0_152'
Driver info: org.openqa.selenium.chrome.ChromeDriver
Capabilities {acceptInsecureCerts: false, browserName: chrome, browserVersion: 80.0.3987.106, chrome: {chromedriverVersion: 80.0.3987.16 (320f6526c1632..., userDataDir: C:\Users\RCHAVA~1\AppData\L...}, goog:chromeOptions: {debuggerAddress: localhost:57695}, javascriptEnabled: true, networkConnectionEnabled: false, pageLoadStrategy: normal, platform: WINDOWS, platformName: WINDOWS, proxy: Proxy(), setWindowRect: true, strictFileInteractability: false, timeouts: {implicit: 0, pageLoad: 300000, script: 30000}, unhandledPromptBehavior: dismiss and notify}
Session ID: 32773b80700c7b7caeb92710d371a3ca
	at org.openqa.selenium.remote.http.W3CHttpResponseCodec.createException(W3CHttpResponseCodec.java:187)
	at org.openqa.selenium.remote.http.W3CHttpResponseCodec.decode(W3CHttpResponseCodec.java:122)
	at org.openqa.selenium.remote.http.W3CHttpResponseCodec.decode(W3CHttpResponseCodec.java:49)
	at org.openqa.selenium.remote.HttpCommandExecutor.execute(HttpCommandExecutor.java:158)
	at org.openqa.selenium.remote.service.DriverCommandExecutor.execute(DriverCommandExecutor.java:83)
	at org.openqa.selenium.remote.RemoteWebDriver.execute(RemoteWebDriver.java:552)
	at org.openqa.selenium.remote.RemoteWebElement.execute(RemoteWebElement.java:285)
	at org.openqa.selenium.remote.RemoteWebElement.click(RemoteWebElement.java:84)
	at com.ams.qa.pages.AssignSubDepartmentToManageEscalation.getUpdate(AssignSubDepartmentToManageEscalation.java:102)
	at com.ams.qa.testcases.AssignSubDepartmentToManageEscalationTest.getUpdate(AssignSubDepartmentToManageEscalationTest.java:99)
... Removed 28 stack frames]]>
    </failure>
  </testcase> <!-- getUpdate -->
</testsuite> <!-- Validating AssignSubDepartmentToManageEscalation -->
